[spring-boot-sample-atmosphere] Running shell script
+ mvn -f pom.xml clean package
[INFO] Scanning for projects...
[INFO]                                                                         
[INFO] ------------------------------------------------------------------------
[INFO] Building Spring Boot Atmosphere Sample 1.4.0.BUILD-SNAPSHOT
[INFO] ------------------------------------------------------------------------
[INFO] 
[INFO] --- maven-clean-plugin:2.6.1:clean (default-clean) @ spring-boot-sample-atmosphere ---
[INFO] 
[INFO] --- jacoco-maven-plugin:0.7.7.201606060606:prepare-agent (default-prepare-agent) @ spring-boot-sample-atmosphere ---
[INFO] argLine set to "-javaagent:/var/jenkins_home/.m2/repository/org/jacoco/org.jacoco.agent/0.7.7.201606060606/org.jacoco.agent-0.7.7.201606060606-runtime.jar=destfile=/var/jenkins_home/workspace/Pet Clinic/spring-boot-samples/spring-boot-sample-atmosphere/target/jacoco.exec"
[INFO] 
[INFO] --- maven-resources-plugin:2.6:resources (default-resources) @ spring-boot-sample-atmosphere ---
[INFO] Using 'UTF-8' encoding to copy filtered resources.
[INFO] Copying 1 resource
[INFO] Copying 3 resources
[INFO] 
[INFO] --- maven-compiler-plugin:3.1:compile (default-compile) @ spring-boot-sample-atmosphere ---
[INFO] Changes detected - recompiling the module!
[INFO] Compiling 3 source files to /var/jenkins_home/workspace/Pet Clinic/spring-boot-samples/spring-boot-sample-atmosphere/target/classes
[INFO] 
[INFO] --- maven-resources-plugin:2.6:testResources (default-testResources) @ spring-boot-sample-atmosphere ---
[INFO] Using 'UTF-8' encoding to copy filtered resources.
[INFO] skip non existing resourceDirectory /var/jenkins_home/workspace/Pet Clinic/spring-boot-samples/spring-boot-sample-atmosphere/src/test/resources
[INFO] 
[INFO] --- maven-compiler-plugin:3.1:testCompile (default-testCompile) @ spring-boot-sample-atmosphere ---
[INFO] Changes detected - recompiling the module!
[INFO] Compiling 1 source file to /var/jenkins_home/workspace/Pet Clinic/spring-boot-samples/spring-boot-sample-atmosphere/target/test-classes
[INFO] 
[INFO] --- maven-surefire-plugin:2.18.1:test (default-test) @ spring-boot-sample-atmosphere ---
[INFO] Surefire report directory: /var/jenkins_home/workspace/Pet Clinic/spring-boot-samples/spring-boot-sample-atmosphere/target/surefire-reports

-------------------------------------------------------
 T E S T S
-------------------------------------------------------
14:11:28.233 [main] DEBUG org.springframework.test.context.junit4.SpringJUnit4ClassRunner - SpringJUnit4ClassRunner constructor called with [class sample.atmosphere.SampleAtmosphereApplicationTests]
14:11:28.256 [main] DEBUG org.springframework.test.context.BootstrapUtils - Instantiating CacheAwareContextLoaderDelegate from class [org.springframework.test.context.cache.DefaultCacheAwareContextLoaderDelegate]
14:11:28.313 [main] DEBUG org.springframework.test.context.BootstrapUtils - Instantiating BootstrapContext using constructor [public org.springframework.test.context.support.DefaultBootstrapContext(java.lang.Class,org.springframework.test.context.CacheAwareContextLoaderDelegate)]
14:11:28.385 [main] DEBUG org.springframework.test.context.BootstrapUtils - Instantiating TestContextBootstrapper for test class [sample.atmosphere.SampleAtmosphereApplicationTests] from class [org.springframework.boot.test.context.SpringBootTestContextBootstrapper]
14:11:28.444 [main] INFO org.springframework.boot.test.context.SpringBootTestContextBootstrapper - Neither @ContextConfiguration nor @ContextHierarchy found for test class [sample.atmosphere.SampleAtmosphereApplicationTests], using SpringBootContextLoader
14:11:28.462 [main] DEBUG org.springframework.test.context.support.AbstractContextLoader - Did not detect default resource location for test class [sample.atmosphere.SampleAtmosphereApplicationTests]: class path resource [sample/atmosphere/SampleAtmosphereApplicationTests-context.xml] does not exist
14:11:28.463 [main] DEBUG org.springframework.test.context.support.AbstractContextLoader - Did not detect default resource location for test class [sample.atmosphere.SampleAtmosphereApplicationTests]: class path resource [sample/atmosphere/SampleAtmosphereApplicationTestsContext.groovy] does not exist
14:11:28.463 [main] INFO org.springframework.test.context.support.AbstractContextLoader - Could not detect default resource locations for test class [sample.atmosphere.SampleAtmosphereApplicationTests]: no resource found for suffixes {-context.xml, Context.groovy}.
14:11:28.612 [main] DEBUG org.springframework.test.context.support.ActiveProfilesUtils - Could not find an 'annotation declaring class' for annotation type [org.springframework.test.context.ActiveProfiles] and class [sample.atmosphere.SampleAtmosphereApplicationTests]
14:11:28.650 [main] DEBUG org.springframework.boot.test.context.SpringBootTestContextBootstrapper - @TestExecutionListeners is not present for class [sample.atmosphere.SampleAtmosphereApplicationTests]: using defaults.
14:11:28.662 [main] INFO org.springframework.boot.test.context.SpringBootTestContextBootstrapper - Loaded default TestExecutionListener class names from location [META-INF/spring.factories]: [org.springframework.boot.test.mock.mockito.MockitoTestExecutionListener, org.springframework.boot.test.mock.mockito.ResetMocksTestExecutionListener, org.springframework.boot.test.autoconfigure.AutoConfigureReportTestExecutionListener, org.springframework.boot.test.autoconfigure.restdocs.RestDocsTestExecutionListener, org.springframework.boot.test.autoconfigure.web.client.MockRestServiceServerResetTestExecutionListener, org.springframework.test.context.web.ServletTestExecutionListener, org.springframework.test.context.support.DirtiesContextBeforeModesTestExecutionListener, org.springframework.test.context.support.DependencyInjectionTestExecutionListener, org.springframework.test.context.support.DirtiesContextTestExecutionListener, org.springframework.test.context.transaction.TransactionalTestExecutionListener, org.springframework.test.context.jdbc.SqlScriptsTestExecutionListener]
14:11:28.690 [main] INFO org.springframework.boot.test.context.SpringBootTestContextBootstrapper - Could not instantiate TestExecutionListener [org.springframework.test.context.jdbc.SqlScriptsTestExecutionListener]. Specify custom listener classes or make the default listener classes (and their required dependencies) available. Offending class: [org/springframework/transaction/interceptor/TransactionAttribute]
14:11:28.710 [main] INFO org.springframework.boot.test.context.SpringBootTestContextBootstrapper - Could not instantiate TestExecutionListener [org.springframework.test.context.transaction.TransactionalTestExecutionListener]. Specify custom listener classes or make the default listener classes (and their required dependencies) available. Offending class: [org/springframework/transaction/TransactionDefinition]
14:11:28.710 [main] INFO org.springframework.boot.test.context.SpringBootTestContextBootstrapper - Using TestExecutionListeners: [org.springframework.test.context.web.ServletTestExecutionListener@56781d96, org.springframework.test.context.support.DirtiesContextBeforeModesTestExecutionListener@5173200b, org.springframework.boot.test.autoconfigure.AutoConfigureReportTestExecutionListener@25c5e994, org.springframework.test.context.support.DependencyInjectionTestExecutionListener@378bd86d, org.springframework.test.context.support.DirtiesContextTestExecutionListener@2189e7a7, org.springframework.boot.test.mock.mockito.MockitoTestExecutionListener@69b2f8e5, org.springframework.boot.test.autoconfigure.web.client.MockRestServiceServerResetTestExecutionListener@6331250e, org.springframework.boot.test.autoconfigure.restdocs.RestDocsTestExecutionListener@a10c1b5, org.springframework.boot.test.mock.mockito.ResetMocksTestExecutionListener@644abb8f]
14:11:28.717 [main] DEBUG org.springframework.test.annotation.ProfileValueUtils - Retrieved @ProfileValueSourceConfiguration [null] for test class [sample.atmosphere.SampleAtmosphereApplicationTests]
14:11:28.719 [main] DEBUG org.springframework.test.annotation.ProfileValueUtils - Retrieved ProfileValueSource type [class org.springframework.test.annotation.SystemProfileValueSource] for class [sample.atmosphere.SampleAtmosphereApplicationTests]
Running sample.atmosphere.SampleAtmosphereApplicationTests
14:11:28.723 [main] DEBUG org.springframework.test.context.junit4.SpringJUnit4ClassRunner - SpringJUnit4ClassRunner constructor called with [class sample.atmosphere.SampleAtmosphereApplicationTests]
14:11:28.723 [main] DEBUG org.springframework.test.context.BootstrapUtils - Instantiating CacheAwareContextLoaderDelegate from class [org.springframework.test.context.cache.DefaultCacheAwareContextLoaderDelegate]
14:11:28.724 [main] DEBUG org.springframework.test.context.BootstrapUtils - Instantiating BootstrapContext using constructor [public org.springframework.test.context.support.DefaultBootstrapContext(java.lang.Class,org.springframework.test.context.CacheAwareContextLoaderDelegate)]
14:11:28.724 [main] DEBUG org.springframework.test.context.BootstrapUtils - Instantiating TestContextBootstrapper for test class [sample.atmosphere.SampleAtmosphereApplicationTests] from class [org.springframework.boot.test.context.SpringBootTestContextBootstrapper]
14:11:28.725 [main] INFO org.springframework.boot.test.context.SpringBootTestContextBootstrapper - Neither @ContextConfiguration nor @ContextHierarchy found for test class [sample.atmosphere.SampleAtmosphereApplicationTests], using SpringBootContextLoader
14:11:28.728 [main] DEBUG org.springframework.test.context.support.AbstractContextLoader - Did not detect default resource location for test class [sample.atmosphere.SampleAtmosphereApplicationTests]: class path resource [sample/atmosphere/SampleAtmosphereApplicationTests-context.xml] does not exist
14:11:28.729 [main] DEBUG org.springframework.test.context.support.AbstractContextLoader - Did not detect default resource location for test class [sample.atmosphere.SampleAtmosphereApplicationTests]: class path resource [sample/atmosphere/SampleAtmosphereApplicationTestsContext.groovy] does not exist
14:11:28.729 [main] INFO org.springframework.test.context.support.AbstractContextLoader - Could not detect default resource locations for test class [sample.atmosphere.SampleAtmosphereApplicationTests]: no resource found for suffixes {-context.xml, Context.groovy}.
14:11:28.744 [main] DEBUG org.springframework.test.context.support.ActiveProfilesUtils - Could not find an 'annotation declaring class' for annotation type [org.springframework.test.context.ActiveProfiles] and class [sample.atmosphere.SampleAtmosphereApplicationTests]
14:11:28.746 [main] DEBUG org.springframework.boot.test.context.SpringBootTestContextBootstrapper - @TestExecutionListeners is not present for class [sample.atmosphere.SampleAtmosphereApplicationTests]: using defaults.
14:11:28.758 [main] INFO org.springframework.boot.test.context.SpringBootTestContextBootstrapper - Loaded default TestExecutionListener class names from location [META-INF/spring.factories]: [org.springframework.boot.test.mock.mockito.MockitoTestExecutionListener, org.springframework.boot.test.mock.mockito.ResetMocksTestExecutionListener, org.springframework.boot.test.autoconfigure.AutoConfigureReportTestExecutionListener, org.springframework.boot.test.autoconfigure.restdocs.RestDocsTestExecutionListener, org.springframework.boot.test.autoconfigure.web.client.MockRestServiceServerResetTestExecutionListener, org.springframework.test.context.web.ServletTestExecutionListener, org.springframework.test.context.support.DirtiesContextBeforeModesTestExecutionListener, org.springframework.test.context.support.DependencyInjectionTestExecutionListener, org.springframework.test.context.support.DirtiesContextTestExecutionListener, org.springframework.test.context.transaction.TransactionalTestExecutionListener, org.springframework.test.context.jdbc.SqlScriptsTestExecutionListener]
14:11:28.760 [main] INFO org.springframework.boot.test.context.SpringBootTestContextBootstrapper - Could not instantiate TestExecutionListener [org.springframework.test.context.jdbc.SqlScriptsTestExecutionListener]. Specify custom listener classes or make the default listener classes (and their required dependencies) available. Offending class: [org/springframework/transaction/interceptor/TransactionAttribute]
14:11:28.761 [main] INFO org.springframework.boot.test.context.SpringBootTestContextBootstrapper - Could not instantiate TestExecutionListener [org.springframework.test.context.transaction.TransactionalTestExecutionListener]. Specify custom listener classes or make the default listener classes (and their required dependencies) available. Offending class: [org/springframework/transaction/TransactionDefinition]
14:11:28.761 [main] INFO org.springframework.boot.test.context.SpringBootTestContextBootstrapper - Using TestExecutionListeners: [org.springframework.test.context.web.ServletTestExecutionListener@7c28c1, org.springframework.test.context.support.DirtiesContextBeforeModesTestExecutionListener@baf1bb3, org.springframework.boot.test.autoconfigure.AutoConfigureReportTestExecutionListener@67ec8477, org.springframework.test.context.support.DependencyInjectionTestExecutionListener@25d958c6, org.springframework.test.context.support.DirtiesContextTestExecutionListener@4482469c, org.springframework.boot.test.mock.mockito.MockitoTestExecutionListener@3703bf3c, org.springframework.boot.test.autoconfigure.web.client.MockRestServiceServerResetTestExecutionListener@34cf5a97, org.springframework.boot.test.autoconfigure.restdocs.RestDocsTestExecutionListener@5b3f3ba0, org.springframework.boot.test.mock.mockito.ResetMocksTestExecutionListener@ddf20fd]
14:11:28.761 [main] DEBUG org.springframework.test.annotation.ProfileValueUtils - Retrieved @ProfileValueSourceConfiguration [null] for test class [sample.atmosphere.SampleAtmosphereApplicationTests]
14:11:28.761 [main] DEBUG org.springframework.test.annotation.ProfileValueUtils - Retrieved ProfileValueSource type [class org.springframework.test.annotation.SystemProfileValueSource] for class [sample.atmosphere.SampleAtmosphereApplicationTests]
14:11:28.763 [main] DEBUG org.springframework.test.annotation.ProfileValueUtils - Retrieved @ProfileValueSourceConfiguration [null] for test class [sample.atmosphere.SampleAtmosphereApplicationTests]
14:11:28.763 [main] DEBUG org.springframework.test.annotation.ProfileValueUtils - Retrieved ProfileValueSource type [class org.springframework.test.annotation.SystemProfileValueSource] for class [sample.atmosphere.SampleAtmosphereApplicationTests]
14:11:28.775 [main] DEBUG org.springframework.test.context.support.AbstractDirtiesContextTestExecutionListener - Before test class: context [DefaultTestContext@783ec989 testClass = SampleAtmosphereApplicationTests, testInstance = [null], testMethod = [null], testException = [null], mergedContextConfiguration = [WebMergedContextConfiguration@1ddd3478 testClass = SampleAtmosphereApplicationTests, locations = '{}', classes = '{class sample.atmosphere.SampleAtmosphereApplication, class sample.atmosphere.SampleAtmosphereApplication}', contextInitializerClasses = '[]', activeProfiles = '{}', propertySourceLocations = '{}', propertySourceProperties = '{org.springframework.boot.test.context.SpringBootTestContextBootstrapper=true, server.port=0}', contextCustomizers = set[org.springframework.boot.test.context.SpringBootTestContextCustomizer@1bc53649, org.springframework.boot.test.context.filter.ExcludeFilterContextCustomizer@160c3ec1, org.springframework.boot.test.mock.mockito.MockitoContextCustomizer@0, org.springframework.boot.test.autoconfigure.properties.PropertyMappingContextCustomizer@0], resourceBasePath = 'src/main/webapp', contextLoader = 'org.springframework.boot.test.context.SpringBootContextLoader', parent = [null]]], class annotated with @DirtiesContext [true] with mode [AFTER_CLASS].
14:11:28.776 [main] DEBUG org.springframework.test.annotation.ProfileValueUtils - Retrieved @ProfileValueSourceConfiguration [null] for test class [sample.atmosphere.SampleAtmosphereApplicationTests]
14:11:28.777 [main] DEBUG org.springframework.test.annotation.ProfileValueUtils - Retrieved ProfileValueSource type [class org.springframework.test.annotation.SystemProfileValueSource] for class [sample.atmosphere.SampleAtmosphereApplicationTests]
14:11:28.780 [main] DEBUG org.springframework.test.context.support.DependencyInjectionTestExecutionListener - Performing dependency injection for test context [[DefaultTestContext@783ec989 testClass = SampleAtmosphereApplicationTests, testInstance = sample.atmosphere.SampleAtmosphereApplicationTests@5ecba515, testMethod = [null], testException = [null], mergedContextConfiguration = [WebMergedContextConfiguration@1ddd3478 testClass = SampleAtmosphereApplicationTests, locations = '{}', classes = '{class sample.atmosphere.SampleAtmosphereApplication, class sample.atmosphere.SampleAtmosphereApplication}', contextInitializerClasses = '[]', activeProfiles = '{}', propertySourceLocations = '{}', propertySourceProperties = '{org.springframework.boot.test.context.SpringBootTestContextBootstrapper=true, server.port=0}', contextCustomizers = set[org.springframework.boot.test.context.SpringBootTestContextCustomizer@1bc53649, org.springframework.boot.test.context.filter.ExcludeFilterContextCustomizer@160c3ec1, org.springframework.boot.test.mock.mockito.MockitoContextCustomizer@0, org.springframework.boot.test.autoconfigure.properties.PropertyMappingContextCustomizer@0], resourceBasePath = 'src/main/webapp', contextLoader = 'org.springframework.boot.test.context.SpringBootContextLoader', parent = [null]]]].
14:11:29.082 [main] DEBUG org.springframework.core.env.StandardEnvironment - Adding [systemProperties] PropertySource with lowest search precedence
14:11:29.083 [main] DEBUG org.springframework.core.env.StandardEnvironment - Adding [systemEnvironment] PropertySource with lowest search precedence
14:11:29.084 [main] DEBUG org.springframework.core.env.StandardEnvironment - Initialized StandardEnvironment with PropertySources [systemProperties,systemEnvironment]
14:11:29.087 [main] DEBUG org.springframework.test.context.support.TestPropertySourceUtils - Adding inlined properties to environment: {spring.jmx.enabled=false, org.springframework.boot.test.context.SpringBootTestContextBootstrapper=true, server.port=0}
14:11:29.087 [main] DEBUG org.springframework.core.env.StandardEnvironment - Adding [Inlined Test Properties] PropertySource with highest search precedence

  .   ____          _            __ _ _
 /\\ / ___'_ __ _ _(_)_ __  __ _ \ \ \ \
( ( )\___ | '_ | '_| | '_ \/ _` | \ \ \ \
 \\/  ___)| |_)| | | | | || (_| |  ) ) ) )
  '  |____| .__|_| |_|_| |_\__, | / / / /
 =========|_|==============|___/=/_/_/_/
 :: Spring Boot ::  (v1.4.0.BUILD-SNAPSHOT)

2017-05-24 14:11:30.922  INFO 5047 --- [           main] s.a.SampleAtmosphereApplicationTests     : Starting SampleAtmosphereApplicationTests on 9b7da1023145 with PID 5047 (started by jenkins in /var/jenkins_home/workspace/Pet Clinic/spring-boot-samples/spring-boot-sample-atmosphere)
2017-05-24 14:11:30.924  INFO 5047 --- [           main] s.a.SampleAtmosphereApplicationTests     : No active profile set, falling back to default profiles: default
2017-05-24 14:11:31.002  INFO 5047 --- [           main] ationConfigEmbeddedWebApplicationContext : Refreshing org.springframework.boot.context.embedded.AnnotationConfigEmbeddedWebApplicationContext@7535307c: startup date [Wed May 24 14:11:30 UTC 2017]; root of context hierarchy
2017-05-24 14:11:33.515  INFO 5047 --- [           main] f.a.AutowiredAnnotationBeanPostProcessor : JSR-330 'javax.inject.Inject' annotation found and supported for autowiring
2017-05-24 14:11:34.915  INFO 5047 --- [           main] s.b.c.e.t.TomcatEmbeddedServletContainer : Tomcat initialized with port(s): 0 (http)
2017-05-24 14:11:34.951  INFO 5047 --- [           main] o.apache.catalina.core.StandardService   : Starting service Tomcat
2017-05-24 14:11:34.954  INFO 5047 --- [           main] org.apache.catalina.core.StandardEngine  : Starting Servlet Engine: Apache Tomcat/8.5.4
2017-05-24 14:11:35.331  INFO 5047 --- [ost-startStop-1] o.a.c.c.C.[Tomcat].[localhost].[/]       : Initializing Spring embedded WebApplicationContext
2017-05-24 14:11:35.332  INFO 5047 --- [ost-startStop-1] o.s.web.context.ContextLoader            : Root WebApplicationContext: initialization completed in 4334 ms
2017-05-24 14:11:35.691  INFO 5047 --- [ost-startStop-1] o.s.b.w.servlet.ServletRegistrationBean  : Mapping servlet: 'atmosphereServlet' to [/chat/*]
2017-05-24 14:11:35.694  INFO 5047 --- [ost-startStop-1] o.s.b.w.servlet.ServletRegistrationBean  : Mapping servlet: 'dispatcherServlet' to [/home/*]
2017-05-24 14:11:35.695  INFO 5047 --- [ost-startStop-1] o.a.c.c.C.[Tomcat].[localhost].[/]       : Initializing AtmosphereFramework
2017-05-24 14:11:35.789  INFO 5047 --- [ost-startStop-1] o.s.b.w.servlet.FilterRegistrationBean   : Mapping filter: 'characterEncodingFilter' to: [/*]
2017-05-24 14:11:35.790  INFO 5047 --- [ost-startStop-1] o.s.b.w.servlet.FilterRegistrationBean   : Mapping filter: 'hiddenHttpMethodFilter' to: [/*]
2017-05-24 14:11:35.790  INFO 5047 --- [ost-startStop-1] o.s.b.w.servlet.FilterRegistrationBean   : Mapping filter: 'httpPutFormContentFilter' to: [/*]
2017-05-24 14:11:35.790  INFO 5047 --- [ost-startStop-1] o.s.b.w.servlet.FilterRegistrationBean   : Mapping filter: 'requestContextFilter' to: [/*]
2017-05-24 14:11:36.626  INFO 5047 --- [           main] s.w.s.m.m.a.RequestMappingHandlerAdapter : Looking for @ControllerAdvice: org.springframework.boot.context.embedded.AnnotationConfigEmbeddedWebApplicationContext@7535307c: startup date [Wed May 24 14:11:30 UTC 2017]; root of context hierarchy
2017-05-24 14:11:36.846  INFO 5047 --- [           main] s.w.s.m.m.a.RequestMappingHandlerMapping : Mapped "{[/error],produces=[text/html]}" onto public org.springframework.web.servlet.ModelAndView org.springframework.boot.autoconfigure.web.BasicErrorController.errorHtml(javax.servlet.http.HttpServletRequest,javax.servlet.http.HttpServletResponse)
2017-05-24 14:11:36.850  INFO 5047 --- [           main] s.w.s.m.m.a.RequestMappingHandlerMapping : Mapped "{[/error]}" onto public org.springframework.http.ResponseEntity<java.util.Map<java.lang.String, java.lang.Object>> org.springframework.boot.autoconfigure.web.BasicErrorController.error(javax.servlet.http.HttpServletRequest)
2017-05-24 14:11:36.902  INFO 5047 --- [           main] o.s.w.s.handler.SimpleUrlHandlerMapping  : Root mapping to handler of type [class org.springframework.web.servlet.mvc.ParameterizableViewController]
2017-05-24 14:11:36.939  INFO 5047 --- [           main] o.s.w.s.handler.SimpleUrlHandlerMapping  : Mapped URL path [/webjars/**] onto handler of type [class org.springframework.web.servlet.resource.ResourceHttpRequestHandler]
2017-05-24 14:11:36.939  INFO 5047 --- [           main] o.s.w.s.handler.SimpleUrlHandlerMapping  : Mapped URL path [/**] onto handler of type [class org.springframework.web.servlet.resource.ResourceHttpRequestHandler]
2017-05-24 14:11:37.125  INFO 5047 --- [           main] o.s.w.s.handler.SimpleUrlHandlerMapping  : Mapped URL path [/**/favicon.ico] onto handler of type [class org.springframework.web.servlet.resource.ResourceHttpRequestHandler]
2017-05-24 14:11:37.451  INFO 5047 --- [           main] org.atmosphere.util.IOUtils              : META-INF/services/org.atmosphere.cpr.AtmosphereFramework not found in class loader
2017-05-24 14:11:37.544  INFO 5047 --- [           main] org.atmosphere.cpr.AtmosphereFramework   : Atmosphere is using org.atmosphere.cpr.DefaultAnnotationProcessor for processing annotation
2017-05-24 14:11:37.546  INFO 5047 --- [           main] o.a.cpr.DefaultAnnotationProcessor       : AnnotationProcessor class org.atmosphere.cpr.DefaultAnnotationProcessor$BytecodeBasedAnnotationProcessor being used
2017-05-24 14:11:37.721  INFO 5047 --- [           main] org.atmosphere.cpr.AnnotationHandler     : Found Annotation in class sample.atmosphere.ChatService being scanned: interface org.atmosphere.config.service.ManagedService
2017-05-24 14:11:37.804  INFO 5047 --- [           main] org.atmosphere.cpr.AtmosphereFramework   : Installed AtmosphereHandler org.atmosphere.config.managed.ManagedAtmosphereHandler mapped to context-path /chat and Broadcaster Class org.atmosphere.cpr.DefaultBroadcaster
2017-05-24 14:11:37.805  INFO 5047 --- [           main] org.atmosphere.cpr.AtmosphereFramework   : Installed AtmosphereInterceptor [@ManagedService Interceptor, Atmosphere LifeCycle,  Track Message Size Interceptor using |, UUID Tracking Interceptor] mapped to AtmosphereHandler org.atmosphere.config.managed.ManagedAtmosphereHandler
2017-05-24 14:11:37.881  INFO 5047 --- [           main] org.atmosphere.cpr.AtmosphereFramework   : Auto detecting WebSocketHandler in /WEB-INF/classes/
2017-05-24 14:11:37.882  INFO 5047 --- [           main] org.atmosphere.cpr.AtmosphereFramework   : Installed WebSocketProtocol org.atmosphere.websocket.protocol.SimpleHttpProtocol 
2017-05-24 14:11:37.906  INFO 5047 --- [           main] o.a.container.JSR356AsyncSupport         : JSR 356 Mapping path /chat
2017-05-24 14:11:37.969  INFO 5047 --- [           main] org.atmosphere.cpr.AtmosphereFramework   : Installing Default AtmosphereInterceptor
2017-05-24 14:11:37.969  INFO 5047 --- [           main] org.atmosphere.cpr.AtmosphereFramework   : 	org.atmosphere.interceptor.CorsInterceptor : CORS Interceptor Support
2017-05-24 14:11:37.970  INFO 5047 --- [           main] org.atmosphere.cpr.AtmosphereFramework   : 	org.atmosphere.interceptor.CacheHeadersInterceptor : Default Response's Headers Interceptor
2017-05-24 14:11:37.970  INFO 5047 --- [           main] org.atmosphere.cpr.AtmosphereFramework   : 	org.atmosphere.interceptor.PaddingAtmosphereInterceptor : Browser Padding Interceptor Support
2017-05-24 14:11:37.971  INFO 5047 --- [           main] org.atmosphere.cpr.AtmosphereFramework   : 	org.atmosphere.interceptor.AndroidAtmosphereInterceptor : Android Interceptor Support
2017-05-24 14:11:37.972  INFO 5047 --- [           main] org.atmosphere.cpr.AtmosphereFramework   : 	org.atmosphere.interceptor.HeartbeatInterceptor : Heartbeat Interceptor Support
2017-05-24 14:11:37.973  INFO 5047 --- [           main] org.atmosphere.cpr.AtmosphereFramework   : 	org.atmosphere.interceptor.SSEAtmosphereInterceptor : SSE Interceptor Support
2017-05-24 14:11:37.973  INFO 5047 --- [           main] org.atmosphere.cpr.AtmosphereFramework   : 	org.atmosphere.interceptor.JSONPAtmosphereInterceptor : JSONP Interceptor Support
2017-05-24 14:11:37.980  INFO 5047 --- [           main] org.atmosphere.cpr.AtmosphereFramework   : 	org.atmosphere.interceptor.JavaScriptProtocol : Atmosphere JavaScript Protocol
2017-05-24 14:11:37.981  INFO 5047 --- [           main] org.atmosphere.cpr.AtmosphereFramework   : 	org.atmosphere.interceptor.WebSocketMessageSuspendInterceptor : org.atmosphere.interceptor.WebSocketMessageSuspendInterceptor
2017-05-24 14:11:37.981  INFO 5047 --- [           main] org.atmosphere.cpr.AtmosphereFramework   : 	org.atmosphere.interceptor.OnDisconnectInterceptor : Browser disconnection detection
2017-05-24 14:11:37.982  INFO 5047 --- [           main] org.atmosphere.cpr.AtmosphereFramework   : 	org.atmosphere.interceptor.IdleResourceInterceptor : org.atmosphere.interceptor.IdleResourceInterceptor
2017-05-24 14:11:37.982  INFO 5047 --- [           main] org.atmosphere.cpr.AtmosphereFramework   : Set org.atmosphere.cpr.AtmosphereInterceptor.disableDefaults to disable them.
2017-05-24 14:11:37.995  INFO 5047 --- [           main] o.a.interceptor.HeartbeatInterceptor     : HeartbeatInterceptor configured with padding value ' ', client frequency 60 seconds and server frequency 10 seconds
2017-05-24 14:11:38.001  INFO 5047 --- [           main] org.atmosphere.cpr.AtmosphereFramework   : Using EndpointMapper class org.atmosphere.util.DefaultEndpointMapper
2017-05-24 14:11:38.001  INFO 5047 --- [           main] org.atmosphere.cpr.AtmosphereFramework   : Using BroadcasterCache: org.atmosphere.cache.UUIDBroadcasterCache
2017-05-24 14:11:38.001  INFO 5047 --- [           main] org.atmosphere.cpr.AtmosphereFramework   : Default Broadcaster Class: org.atmosphere.cpr.DefaultBroadcaster
2017-05-24 14:11:38.002  INFO 5047 --- [           main] org.atmosphere.cpr.AtmosphereFramework   : Broadcaster Polling Wait Time 100
2017-05-24 14:11:38.002  INFO 5047 --- [           main] org.atmosphere.cpr.AtmosphereFramework   : Shared ExecutorService supported: true
2017-05-24 14:11:38.018  INFO 5047 --- [           main] org.atmosphere.cpr.AtmosphereFramework   : Messaging Thread Pool Size: Unlimited
2017-05-24 14:11:38.019  INFO 5047 --- [           main] org.atmosphere.cpr.AtmosphereFramework   : Async I/O Thread Pool Size: 200
2017-05-24 14:11:38.019  INFO 5047 --- [           main] org.atmosphere.cpr.AtmosphereFramework   : Using BroadcasterFactory: org.atmosphere.cpr.DefaultBroadcasterFactory
2017-05-24 14:11:38.019  INFO 5047 --- [           main] org.atmosphere.cpr.AtmosphereFramework   : Using WebSocketProcessor: org.atmosphere.websocket.DefaultWebSocketProcessor
2017-05-24 14:11:38.034  INFO 5047 --- [           main] org.atmosphere.cpr.AtmosphereFramework   : Invoke AtmosphereInterceptor on WebSocket message true
2017-05-24 14:11:38.034  INFO 5047 --- [           main] org.atmosphere.cpr.AtmosphereFramework   : HttpSession supported: false
2017-05-24 14:11:38.034  INFO 5047 --- [           main] org.atmosphere.cpr.AtmosphereFramework   : Atmosphere is using DefaultAtmosphereObjectFactory for dependency injection and object creation
2017-05-24 14:11:38.035  INFO 5047 --- [           main] org.atmosphere.cpr.AtmosphereFramework   : Atmosphere is using async support: org.atmosphere.container.JSR356AsyncSupport running under container: Apache Tomcat/8.5.4 using javax.servlet/3.0 and jsr356/WebSocket API
2017-05-24 14:11:38.044  INFO 5047 --- [           main] org.atmosphere.cpr.AtmosphereFramework   : Atmosphere Framework 2.2.4 started.
2017-05-24 14:11:38.044  INFO 5047 --- [           main] org.atmosphere.cpr.AtmosphereFramework   : 

	For Atmosphere Framework Commercial Support, visit 
	http://www.async-io.org/ or send an email to support@async-io.org

2017-05-24 14:11:38.071  INFO 5047 --- [           main] s.b.c.e.t.TomcatEmbeddedServletContainer : Tomcat started on port(s): 35811 (http)
2017-05-24 14:11:38.084  INFO 5047 --- [           main] s.a.SampleAtmosphereApplicationTests     : Started SampleAtmosphereApplicationTests in 8.989 seconds (JVM running for 11.531)
2017-05-24 14:11:38.137  INFO 5047 --- [       Thread-3] org.atmosphere.cpr.AtmosphereFramework   : Latest version of Atmosphere's JavaScript Client 2.3.1
2017-05-24 14:11:38.137  INFO 5047 --- [       Thread-3] org.atmosphere.cpr.AtmosphereFramework   : 

	Atmosphere Framework Updates
	Minor available (bugs fixes): 2.2.9-EOL
	Major available (new features): 2.4.12

  .   ____          _            __ _ _
 /\\ / ___'_ __ _ _(_)_ __  __ _ \ \ \ \
( ( )\___ | '_ | '_| | '_ \/ _` | \ \ \ \
 \\/  ___)| |_)| | | | | || (_| |  ) ) ) )
  '  |____| .__|_| |_|_| |_\__, | / / / /
 =========|_|==============|___/=/_/_/_/
 :: Spring Boot ::  (v1.4.0.BUILD-SNAPSHOT)

2017-05-24 14:11:38.402  INFO 5047 --- [           main] o.a.maven.surefire.booter.ForkedBooter   : Starting ForkedBooter v2.18.1 on 9b7da1023145 with PID 5047 (started by jenkins in /var/jenkins_home/workspace/Pet Clinic/spring-boot-samples/spring-boot-sample-atmosphere)
2017-05-24 14:11:38.403  INFO 5047 --- [           main] o.a.maven.surefire.booter.ForkedBooter   : No active profile set, falling back to default profiles: default
2017-05-24 14:11:38.413  INFO 5047 --- [           main] s.c.a.AnnotationConfigApplicationContext : Refreshing org.springframework.context.annotation.AnnotationConfigApplicationContext@27f904e6: startup date [Wed May 24 14:11:38 UTC 2017]; root of context hierarchy
2017-05-24 14:11:38.454  INFO 5047 --- [           main] f.a.AutowiredAnnotationBeanPostProcessor : JSR-330 'javax.inject.Inject' annotation found and supported for autowiring
2017-05-24 14:11:38.588  INFO 5047 --- [           main] o.s.c.support.DefaultLifecycleProcessor  : Starting beans in phase 2147483647
2017-05-24 14:11:38.588  INFO 5047 --- [           main] o.s.w.s.c.WebSocketConnectionManager     : Starting WebSocketConnectionManager
2017-05-24 14:11:38.589  INFO 5047 --- [           main] o.s.w.s.c.WebSocketConnectionManager     : Connecting to WebSocket at ws://localhost:35811/chat/websocket
2017-05-24 14:11:38.611  INFO 5047 --- [           main] s.a.SampleAtmosphereApplicationTests     : Waiting for response: latch=1
2017-05-24 14:11:39.035  INFO 5047 --- [cTaskExecutor-1] o.s.w.s.c.WebSocketConnectionManager     : Successfully connected
2017-05-24 14:11:39.091  INFO 5047 --- [o-auto-1-exec-1] sample.atmosphere.ChatService            : Connected
2017-05-24 14:11:39.336  INFO 5047 --- [o-auto-1-exec-1] sample.atmosphere.ChatService            : Author test sent message test
2017-05-24 14:11:39.443  INFO 5047 --- [lient-AsyncIO-1] s.a.SampleAtmosphereApplicationTests     : Received: TextMessage payload=[55|{"messa..], byteCount=58, last=true] (1)
2017-05-24 14:11:39.445  INFO 5047 --- [           main] s.a.SampleAtmosphereApplicationTests     : Got response: 55|{"message":"test","author":"test","time":1495635099336}
2017-05-24 14:11:39.445  INFO 5047 --- [           main] o.a.maven.surefire.booter.ForkedBooter   : Started ForkedBooter in 1.226 seconds (JVM running for 12.892)
2017-05-24 14:11:39.446  INFO 5047 --- [           main] s.c.a.AnnotationConfigApplicationContext : Closing org.springframework.context.annotation.AnnotationConfigApplicationContext@27f904e6: startup date [Wed May 24 14:11:38 UTC 2017]; root of context hierarchy
2017-05-24 14:11:39.448  INFO 5047 --- [           main] o.s.c.support.DefaultLifecycleProcessor  : Stopping beans in phase 2147483647
2017-05-24 14:11:39.462  INFO 5047 --- [           main] o.s.w.s.c.WebSocketConnectionManager     : Stopping WebSocketConnectionManager
2017-05-24 14:11:39.487  INFO 5047 --- [o-auto-1-exec-2] sample.atmosphere.ChatService            : Client 72ed281b-ada4-4b93-a910-9c85e702731b disconnected [cancelled]
2017-05-24 14:11:39.660  INFO 5047 --- [           main] ationConfigEmbeddedWebApplicationContext : Closing org.springframework.boot.context.embedded.AnnotationConfigEmbeddedWebApplicationContext@7535307c: startup date [Wed May 24 14:11:30 UTC 2017]; root of context hierarchy
Tests run: 1, Failures: 0, Errors: 0, Skipped: 0, Time elapsed: 11.022 sec - in sample.atmosphere.SampleAtmosphereApplicationTests

Results :

Tests run: 1, Failures: 0, Errors: 0, Skipped: 0

[INFO] 
[INFO] --- jacoco-maven-plugin:0.7.7.201606060606:report (default-report) @ spring-boot-sample-atmosphere ---
[INFO] Loading execution data file /var/jenkins_home/workspace/Pet Clinic/spring-boot-samples/spring-boot-sample-atmosphere/target/jacoco.exec
[INFO] Analyzed bundle 'Spring Boot Atmosphere Sample' with 6 classes
[INFO] 
[INFO] --- maven-jar-plugin:2.6:jar (default-jar) @ spring-boot-sample-atmosphere ---
[INFO] Building jar: /var/jenkins_home/workspace/Pet Clinic/spring-boot-samples/spring-boot-sample-atmosphere/target/spring-boot-sample-atmosphere-1.4.0.BUILD-SNAPSHOT.jar
[INFO] 
[INFO] --- spring-boot-maven-plugin:1.4.0.BUILD-SNAPSHOT:repackage (default) @ spring-boot-sample-atmosphere ---
[INFO] ------------------------------------------------------------------------
[INFO] BUILD SUCCESS
[INFO] ------------------------------------------------------------------------
[INFO] Total time: 36.230s
[INFO] Finished at: Wed May 24 14:11:51 UTC 2017
[INFO] Final Memory: 29M/187M
[INFO] ------------------------------------------------------------------------
